This file contains any messages produced by compilers while
running configure, to aid debugging if configure makes a mistake.

It was created by Google C++ Mocking Framework configure 1.7.0, which was
generated by GNU Autoconf 2.69.  Invocation command line was

  $ ./configure --disable-option-checking --prefix=/usr/local --cache-file=/dev/null --srcdir=.

## --------- ##
## Platform. ##
## --------- ##

hostname = 192.168.0.107
uname -m = x86_64
uname -r = 14.5.0
uname -s = Darwin
uname -v = Darwin Kernel Version 14.5.0: Tue Sep  1 21:23:09 PDT 2015; root:xnu-2782.50.1~1/RELEASE_X86_64

/usr/bin/uname -p = i386
/bin/uname -X     = unknown

/bin/arch              = unknown
/usr/bin/arch -k       = unknown
/usr/convex/getsysinfo = unknown
/usr/bin/hostinfo      = Mach kernel version:
	 Darwin Kernel Version 14.5.0: Tue Sep  1 21:23:09 PDT 2015; root:xnu-2782.50.1~1/RELEASE_X86_64
Kernel configured for up to 4 processors.
2 processors are physically available.
4 processors are logically available.
Processor type: x86_64h (Intel x86-64h Haswell)
Processors active: 0 1 2 3
Primary memory available: 8.00 gigabytes
Default processor set: 253 tasks, 1087 threads, 4 processors
Load average: 2.24, Mach factor: 1.75
/bin/machine           = unknown
/usr/bin/oslevel       = unknown
/bin/universe          = unknown

PATH: /usr/local/bin
PATH: /usr/bin
PATH: /bin
PATH: /usr/sbin
PATH: /sbin


## ----------- ##
## Core tests. ##
## ----------- ##

configure:2357: checking for a BSD-compatible install
configure:2425: result: /usr/bin/install -c
configure:2436: checking whether build environment is sane
configure:2491: result: yes
configure:2642: checking for a thread-safe mkdir -p
configure:2681: result: build-aux/install-sh -c -d
configure:2688: checking for gawk
configure:2718: result: no
configure:2688: checking for mawk
configure:2718: result: no
configure:2688: checking for nawk
configure:2718: result: no
configure:2688: checking for awk
configure:2704: found /usr/bin/awk
configure:2715: result: awk
configure:2726: checking whether make sets $(MAKE)
configure:2748: result: yes
configure:2777: checking whether make supports nested variables
configure:2794: result: yes
configure:2969: checking for gcc
configure:2985: found /usr/bin/gcc
configure:2996: result: gcc
configure:3225: checking for C compiler version
configure:3234: gcc --version >&5
Apple LLVM version 6.0 (clang-600.0.57) (based on LLVM 3.5svn)
Target: x86_64-apple-darwin14.5.0
Thread model: posix
Configured with: --prefix=/Applications/Xcode.app/Contents/Developer/usr --with-gxx-include-dir=/usr/include/c++/4.2.1
configure:3245: $? = 0
configure:3234: gcc -v >&5
Configured with: --prefix=/Applications/Xcode.app/Contents/Developer/usr --with-gxx-include-dir=/usr/include/c++/4.2.1
Apple LLVM version 6.0 (clang-600.0.57) (based on LLVM 3.5svn)
Target: x86_64-apple-darwin14.5.0
Thread model: posix
configure:3245: $? = 0
configure:3234: gcc -V >&5
clang: error: argument to '-V' is missing (expected 1 value)
clang: error: no input files
configure:3245: $? = 1
configure:3234: gcc -qversion >&5
clang: error: unknown argument: '-qversion'
clang: error: no input files
configure:3245: $? = 1
configure:3265: checking whether the C compiler works
configure:3287: gcc    conftest.c  >&5
configure:3291: $? = 0
configure:3339: result: yes
configure:3342: checking for C compiler default output file name
configure:3344: result: a.out
configure:3350: checking for suffix of executables
configure:3357: gcc -o conftest    conftest.c  >&5
configure:3361: $? = 0
configure:3383: result: 
configure:3405: checking whether we are cross compiling
configure:3413: gcc -o conftest    conftest.c  >&5
configure:3417: $? = 0
configure:3424: ./conftest
configure:3428: $? = 0
configure:3443: result: no
configure:3448: checking for suffix of object files
configure:3470: gcc -c   conftest.c >&5
configure:3474: $? = 0
configure:3495: result: o
configure:3499: checking whether we are using the GNU C compiler
configure:3518: gcc -c   conftest.c >&5
configure:3518: $? = 0
configure:3527: result: yes
configure:3536: checking whether gcc accepts -g
configure:3556: gcc -c -g  conftest.c >&5
configure:3556: $? = 0
configure:3597: result: yes
configure:3614: checking for gcc option to accept ISO C89
configure:3677: gcc  -c   conftest.c >&5
configure:3677: $? = 0
configure:3690: result: none needed
configure:3715: checking whether gcc understands -c and -o together
configure:3737: gcc -c conftest.c -o conftest2.o
configure:3740: $? = 0
configure:3737: gcc -c conftest.c -o conftest2.o
configure:3740: $? = 0
configure:3752: result: yes
configure:3780: checking for style of include used by make
configure:3808: result: GNU
configure:3834: checking dependency style of gcc
configure:3945: result: gcc3
configure:4018: checking for g++
configure:4034: found /usr/bin/g++
configure:4045: result: g++
configure:4072: checking for C++ compiler version
configure:4081: g++ --version >&5
Apple LLVM version 6.0 (clang-600.0.57) (based on LLVM 3.5svn)
Target: x86_64-apple-darwin14.5.0
Thread model: posix
Configured with: --prefix=/Applications/Xcode.app/Contents/Developer/usr --with-gxx-include-dir=/usr/include/c++/4.2.1
configure:4092: $? = 0
configure:4081: g++ -v >&5
Configured with: --prefix=/Applications/Xcode.app/Contents/Developer/usr --with-gxx-include-dir=/usr/include/c++/4.2.1
Apple LLVM version 6.0 (clang-600.0.57) (based on LLVM 3.5svn)
Target: x86_64-apple-darwin14.5.0
Thread model: posix
configure:4092: $? = 0
configure:4081: g++ -V >&5
clang: error: argument to '-V' is missing (expected 1 value)
clang: error: no input files
configure:4092: $? = 1
configure:4081: g++ -qversion >&5
clang: error: unknown argument: '-qversion'
clang: error: no input files
configure:4092: $? = 1
configure:4096: checking whether we are using the GNU C++ compiler
configure:4115: g++ -c  -g -DNDEBUG  conftest.cpp >&5
configure:4115: $? = 0
configure:4124: result: yes
configure:4133: checking whether g++ accepts -g
configure:4153: g++ -c -g  conftest.cpp >&5
configure:4153: $? = 0
configure:4194: result: yes
configure:4219: checking dependency style of g++
configure:4330: result: gcc3
configure:4380: checking build system type
configure:4394: result: x86_64-apple-darwin14.5.0
configure:4414: checking host system type
configure:4427: result: x86_64-apple-darwin14.5.0
configure:4468: checking how to print strings
configure:4495: result: printf
configure:4516: checking for a sed that does not truncate output
configure:4580: result: /usr/bin/sed
configure:4598: checking for grep that handles long lines and -e
configure:4656: result: /usr/bin/grep
configure:4661: checking for egrep
configure:4723: result: /usr/bin/grep -E
configure:4728: checking for fgrep
configure:4790: result: /usr/bin/grep -F
configure:4825: checking for ld used by gcc
configure:4892: result: /Applications/Xcode.app/Contents/Developer/Toolchains/XcodeDefault.xctoolchain/usr/bin/ld
configure:4899: checking if the linker (/Applications/Xcode.app/Contents/Developer/Toolchains/XcodeDefault.xctoolchain/usr/bin/ld) is GNU ld
configure:4914: result: no
configure:4926: checking for BSD- or MS-compatible name lister (nm)
configure:4975: result: /usr/bin/nm
configure:5105: checking the name lister (/usr/bin/nm) interface
configure:5112: g++ -c  -g -DNDEBUG  conftest.cpp >&5
configure:5115: /usr/bin/nm "conftest.o"
configure:5118: output
0000000000000228 S _some_variable
configure:5125: result: BSD nm
configure:5128: checking whether ln -s works
configure:5132: result: yes
configure:5140: checking the maximum length of command line arguments
configure:5270: result: 196608
configure:5287: checking whether the shell understands some XSI constructs
configure:5297: result: yes
configure:5301: checking whether the shell understands "+="
configure:5307: result: yes
configure:5342: checking how to convert x86_64-apple-darwin14.5.0 file names to x86_64-apple-darwin14.5.0 format
configure:5382: result: func_convert_file_noop
configure:5389: checking how to convert x86_64-apple-darwin14.5.0 file names to toolchain format
configure:5409: result: func_convert_file_noop
configure:5416: checking for /Applications/Xcode.app/Contents/Developer/Toolchains/XcodeDefault.xctoolchain/usr/bin/ld option to reload object files
configure:5423: result: -r
configure:5497: checking for objdump
configure:5527: result: no
configure:5556: checking how to recognize dependent libraries
configure:5758: result: pass_all
configure:5843: checking for dlltool
configure:5873: result: no
configure:5903: checking how to associate runtime and link libraries
configure:5930: result: printf %s\n
configure:5991: checking for ar
configure:6007: found /usr/bin/ar
configure:6018: result: ar
configure:6055: checking for archiver @FILE support
configure:6072: g++ -c  -g -DNDEBUG  conftest.cpp >&5
configure:6072: $? = 0
configure:6075: ar cru libconftest.a @conftest.lst >&5
ar: @conftest.lst: No such file or directory
configure:6078: $? = 1
configure:6098: result: no
configure:6156: checking for strip
configure:6172: found /usr/bin/strip
configure:6183: result: strip
configure:6255: checking for ranlib
configure:6271: found /usr/bin/ranlib
configure:6282: result: ranlib
configure:6384: checking command to parse /usr/bin/nm output from gcc object
configure:6504: g++ -c  -g -DNDEBUG  conftest.cpp >&5
configure:6507: $? = 0
configure:6511: /usr/bin/nm conftest.o \| sed -n -e 's/^.*[ ]\([BCDEGRST][BCDEGRST]*\)[ ][ ]*\([_A-Za-z][_A-Za-z0-9]*\)$/\1 \2 \2/p' | sed '/ __gnu_lto/d' \> conftest.nm
configure:6514: $? = 0
cannot find nm_test_var in conftest.nm
configure:6504: g++ -c  -g -DNDEBUG  conftest.cpp >&5
configure:6507: $? = 0
configure:6511: /usr/bin/nm conftest.o \| sed -n -e 's/^.*[ ]\([BCDEGRST][BCDEGRST]*\)[ ][ ]*_\([_A-Za-z][_A-Za-z0-9]*\)$/\1 _\2 \2/p' | sed '/ __gnu_lto/d' \> conftest.nm
configure:6514: $? = 0
configure:6580: g++ -o conftest  -g -DNDEBUG   conftest.cpp conftstm.o >&5
configure:6583: $? = 0
configure:6621: result: ok
configure:6658: checking for sysroot
configure:6688: result: no
configure:6945: checking for mt
configure:6975: result: no
configure:6995: checking if : is a manifest tool
configure:7001: : '-?'
configure:7009: result: no
configure:7065: checking for dsymutil
configure:7081: found /usr/bin/dsymutil
configure:7092: result: dsymutil
configure:7157: checking for nmedit
configure:7173: found /usr/bin/nmedit
configure:7184: result: nmedit
configure:7249: checking for lipo
configure:7265: found /usr/bin/lipo
configure:7276: result: lipo
configure:7341: checking for otool
configure:7357: found /usr/bin/otool
configure:7368: result: otool
configure:7433: checking for otool64
configure:7463: result: no
configure:7508: checking for -single_module linker flag
gcc   -o libconftest.dylib -dynamiclib -Wl,-single_module conftest.c
configure:7541: result: yes
configure:7544: checking for -exported_symbols_list linker flag
configure:7564: g++ -o conftest  -g -DNDEBUG   -Wl,-exported_symbols_list,conftest.sym conftest.cpp  >&5
configure:7564: $? = 0
configure:7574: result: yes
configure:7577: checking for -force_load linker flag
gcc  -c -o conftest.o conftest.c
ar cru libconftest.a conftest.o
ranlib libconftest.a
gcc   -o conftest conftest.c -Wl,-force_load,./libconftest.a
configure:7609: result: yes
configure:7651: checking how to run the C preprocessor
configure:7682: gcc -E  conftest.c
configure:7682: $? = 0
configure:7696: gcc -E  conftest.c
conftest.c:11:10: fatal error: 'ac_nonexistent.h' file not found
#include <ac_nonexistent.h>
         ^
1 error generated.
configure:7696: $? = 1
configure: failed program was:
| /* confdefs.h */
| #define PACKAGE_NAME "Google C++ Mocking Framework"
| #define PACKAGE_TARNAME "gmock"
| #define PACKAGE_VERSION "1.7.0"
| #define PACKAGE_STRING "Google C++ Mocking Framework 1.7.0"
| #define PACKAGE_BUGREPORT "googlemock@googlegroups.com"
| #define PACKAGE_URL ""
| #define PACKAGE "gmock"
| #define VERSION "1.7.0"
| /* end confdefs.h.  */
| #include <ac_nonexistent.h>
configure:7721: result: gcc -E
configure:7741: gcc -E  conftest.c
configure:7741: $? = 0
configure:7755: gcc -E  conftest.c
conftest.c:11:10: fatal error: 'ac_nonexistent.h' file not found
#include <ac_nonexistent.h>
         ^
1 error generated.
configure:7755: $? = 1
configure: failed program was:
| /* confdefs.h */
| #define PACKAGE_NAME "Google C++ Mocking Framework"
| #define PACKAGE_TARNAME "gmock"
| #define PACKAGE_VERSION "1.7.0"
| #define PACKAGE_STRING "Google C++ Mocking Framework 1.7.0"
| #define PACKAGE_BUGREPORT "googlemock@googlegroups.com"
| #define PACKAGE_URL ""
| #define PACKAGE "gmock"
| #define VERSION "1.7.0"
| /* end confdefs.h.  */
| #include <ac_nonexistent.h>
configure:7784: checking for ANSI C header files
configure:7804: gcc -c   conftest.c >&5
configure:7804: $? = 0
configure:7877: gcc -o conftest    conftest.c  >&5
configure:7877: $? = 0
configure:7877: ./conftest
configure:7877: $? = 0
configure:7888: result: yes
configure:7901: checking for sys/types.h
configure:7901: gcc -c   conftest.c >&5
configure:7901: $? = 0
configure:7901: result: yes
configure:7901: checking for sys/stat.h
configure:7901: gcc -c   conftest.c >&5
configure:7901: $? = 0
configure:7901: result: yes
configure:7901: checking for stdlib.h
configure:7901: gcc -c   conftest.c >&5
configure:7901: $? = 0
configure:7901: result: yes
configure:7901: checking for string.h
configure:7901: gcc -c   conftest.c >&5
configure:7901: $? = 0
configure:7901: result: yes
configure:7901: checking for memory.h
configure:7901: gcc -c   conftest.c >&5
configure:7901: $? = 0
configure:7901: result: yes
configure:7901: checking for strings.h
configure:7901: gcc -c   conftest.c >&5
configure:7901: $? = 0
configure:7901: result: yes
configure:7901: checking for inttypes.h
configure:7901: gcc -c   conftest.c >&5
configure:7901: $? = 0
configure:7901: result: yes
configure:7901: checking for stdint.h
configure:7901: gcc -c   conftest.c >&5
configure:7901: $? = 0
configure:7901: result: yes
configure:7901: checking for unistd.h
configure:7901: gcc -c   conftest.c >&5
configure:7901: $? = 0
configure:7901: result: yes
configure:7915: checking for dlfcn.h
configure:7915: gcc -c   conftest.c >&5
configure:7915: $? = 0
configure:7915: result: yes
configure:8131: checking for objdir
configure:8146: result: .libs
configure:8413: checking if gcc supports -fno-rtti -fno-exceptions
configure:8431: gcc -c   -fno-rtti -fno-exceptions conftest.c >&5
configure:8435: $? = 0
configure:8448: result: yes
configure:8775: checking for gcc option to produce PIC
configure:8782: result: -fno-common -DPIC
configure:8790: checking if gcc PIC flag -fno-common -DPIC works
configure:8808: gcc -c   -fno-common -DPIC -DPIC conftest.c >&5
configure:8812: $? = 0
configure:8825: result: yes
configure:8854: checking if gcc static flag -static works
configure:8882: result: no
configure:8897: checking if gcc supports -c -o file.o
configure:8918: gcc -c   -o out/conftest2.o conftest.c >&5
configure:8922: $? = 0
configure:8944: result: yes
configure:8952: checking if gcc supports -c -o file.o
configure:8999: result: yes
configure:9032: checking whether the gcc linker (/Applications/Xcode.app/Contents/Developer/Toolchains/XcodeDefault.xctoolchain/usr/bin/ld) supports shared libraries
configure:10185: result: yes
configure:10425: checking dynamic linker characteristics
configure:11158: result: darwin14.5.0 dyld
configure:11265: checking how to hardcode library paths into programs
configure:11290: result: immediate
configure:11830: checking whether stripping libraries is possible
configure:11844: result: yes
configure:11870: checking if libtool supports shared libraries
configure:11872: result: yes
configure:11875: checking whether to build shared libraries
configure:11896: result: yes
configure:11899: checking whether to build static libraries
configure:11903: result: yes
configure:11926: checking how to run the C++ preprocessor
configure:11953: g++ -E  conftest.cpp
configure:11953: $? = 0
configure:11967: g++ -E  conftest.cpp
conftest.cpp:23:10: fatal error: 'ac_nonexistent.h' file not found
#include <ac_nonexistent.h>
         ^
1 error generated.
configure:11967: $? = 1
configure: failed program was:
| /* confdefs.h */
| #define PACKAGE_NAME "Google C++ Mocking Framework"
| #define PACKAGE_TARNAME "gmock"
| #define PACKAGE_VERSION "1.7.0"
| #define PACKAGE_STRING "Google C++ Mocking Framework 1.7.0"
| #define PACKAGE_BUGREPORT "googlemock@googlegroups.com"
| #define PACKAGE_URL ""
| #define PACKAGE "gmock"
| #define VERSION "1.7.0"
| #define STDC_HEADERS 1
| #define HAVE_SYS_TYPES_H 1
| #define HAVE_SYS_STAT_H 1
| #define HAVE_STDLIB_H 1
| #define HAVE_STRING_H 1
| #define HAVE_MEMORY_H 1
| #define HAVE_STRINGS_H 1
| #define HAVE_INTTYPES_H 1
| #define HAVE_STDINT_H 1
| #define HAVE_UNISTD_H 1
| #define HAVE_DLFCN_H 1
| #define LT_OBJDIR ".libs/"
| /* end confdefs.h.  */
| #include <ac_nonexistent.h>
configure:11992: result: g++ -E
configure:12012: g++ -E  conftest.cpp
configure:12012: $? = 0
configure:12026: g++ -E  conftest.cpp
conftest.cpp:23:10: fatal error: 'ac_nonexistent.h' file not found
#include <ac_nonexistent.h>
         ^
1 error generated.
configure:12026: $? = 1
configure: failed program was:
| /* confdefs.h */
| #define PACKAGE_NAME "Google C++ Mocking Framework"
| #define PACKAGE_TARNAME "gmock"
| #define PACKAGE_VERSION "1.7.0"
| #define PACKAGE_STRING "Google C++ Mocking Framework 1.7.0"
| #define PACKAGE_BUGREPORT "googlemock@googlegroups.com"
| #define PACKAGE_URL ""
| #define PACKAGE "gmock"
| #define VERSION "1.7.0"
| #define STDC_HEADERS 1
| #define HAVE_SYS_TYPES_H 1
| #define HAVE_SYS_STAT_H 1
| #define HAVE_STDLIB_H 1
| #define HAVE_STRING_H 1
| #define HAVE_MEMORY_H 1
| #define HAVE_STRINGS_H 1
| #define HAVE_INTTYPES_H 1
| #define HAVE_STDINT_H 1
| #define HAVE_UNISTD_H 1
| #define HAVE_DLFCN_H 1
| #define LT_OBJDIR ".libs/"
| /* end confdefs.h.  */
| #include <ac_nonexistent.h>
configure:12195: checking for ld used by g++
configure:12262: result: /Applications/Xcode.app/Contents/Developer/Toolchains/XcodeDefault.xctoolchain/usr/bin/ld
configure:12269: checking if the linker (/Applications/Xcode.app/Contents/Developer/Toolchains/XcodeDefault.xctoolchain/usr/bin/ld) is GNU ld
configure:12284: result: no
configure:12339: checking whether the g++ linker (/Applications/Xcode.app/Contents/Developer/Toolchains/XcodeDefault.xctoolchain/usr/bin/ld) supports shared libraries
configure:13344: result: yes
configure:13380: g++ -c  -g -DNDEBUG  conftest.cpp >&5
configure:13383: $? = 0
configure:13903: checking for g++ option to produce PIC
configure:13910: result: -fno-common -DPIC
configure:13918: checking if g++ PIC flag -fno-common -DPIC works
configure:13936: g++ -c  -g -DNDEBUG  -fno-common -DPIC -DPIC conftest.cpp >&5
configure:13940: $? = 0
configure:13953: result: yes
configure:13976: checking if g++ static flag -static works
configure:14004: result: no
configure:14016: checking if g++ supports -c -o file.o
configure:14037: g++ -c  -g -DNDEBUG  -o out/conftest2.o conftest.cpp >&5
configure:14041: $? = 0
configure:14063: result: yes
configure:14068: checking if g++ supports -c -o file.o
configure:14115: result: yes
configure:14145: checking whether the g++ linker (/Applications/Xcode.app/Contents/Developer/Toolchains/XcodeDefault.xctoolchain/usr/bin/ld) supports shared libraries
configure:14181: result: yes
configure:14322: checking dynamic linker characteristics
configure:14989: result: darwin14.5.0 dyld
configure:15042: checking how to hardcode library paths into programs
configure:15067: result: immediate
configure:15137: checking for python
configure:15155: found /usr/bin/python
configure:15168: result: /usr/bin/python
configure:15186: /usr/bin/python -c import sys # split strings by '.' and convert to numeric. Append some zeros # because we need at least 4 digits for the hex conversion. # map returns an iterator in Python 3.0 and a list in 2.x minver = list(map(int, '2.3'.split('.'))) + [0, 0, 0] minverhex = 0 # xrange is not present in Python 3.0 and range returns an iterator for i in list(range(0, 4)): minverhex = (minverhex << 8) + minver[i] sys.exit(sys.hexversion < minverhex)
configure:15189: $? = 0
configure:15384: checking for the pthreads library -lpthreads
configure:15417: gcc -o conftest     conftest.c -lpthreads  >&5
ld: library not found for -lpthreads
clang: error: linker command failed with exit code 1 (use -v to see invocation)
configure:15417: $? = 1
configure: failed program was:
| /* confdefs.h */
| #define PACKAGE_NAME "Google C++ Mocking Framework"
| #define PACKAGE_TARNAME "gmock"
| #define PACKAGE_VERSION "1.7.0"
| #define PACKAGE_STRING "Google C++ Mocking Framework 1.7.0"
| #define PACKAGE_BUGREPORT "googlemock@googlegroups.com"
| #define PACKAGE_URL ""
| #define PACKAGE "gmock"
| #define VERSION "1.7.0"
| #define STDC_HEADERS 1
| #define HAVE_SYS_TYPES_H 1
| #define HAVE_SYS_STAT_H 1
| #define HAVE_STDLIB_H 1
| #define HAVE_STRING_H 1
| #define HAVE_MEMORY_H 1
| #define HAVE_STRINGS_H 1
| #define HAVE_INTTYPES_H 1
| #define HAVE_STDINT_H 1
| #define HAVE_UNISTD_H 1
| #define HAVE_DLFCN_H 1
| #define LT_OBJDIR ".libs/"
| /* end confdefs.h.  */
| #include <pthread.h>
| int
| main ()
| {
| pthread_t th; pthread_join(th, 0);
|                      pthread_attr_init(0); pthread_cleanup_push(0, 0);
|                      pthread_create(0,0,0,0); pthread_cleanup_pop(0);
|   ;
|   return 0;
| }
configure:15426: result: no
configure:15329: checking whether pthreads work without any flags
configure:15417: gcc -o conftest     conftest.c   >&5
configure:15417: $? = 0
configure:15426: result: yes
configure:15445: checking for joinable pthread attribute
configure:15460: gcc -o conftest     conftest.c   >&5
configure:15460: $? = 0
configure:15466: result: PTHREAD_CREATE_JOINABLE
configure:15476: checking if more special flags are required for pthreads
configure:15483: result: -D_THREAD_SAFE
configure:15572: checking whether to check for GCC pthread/shared inconsistencies
configure:15585: gcc -o conftest -shared -fPIC -Wl,-z,defs  -D_THREAD_SAFE    conftest.c   >&5
ld: unknown option: -z
clang: error: linker command failed with exit code 1 (use -v to see invocation)
configure:15585: $? = 1
configure: failed program was:
| /* confdefs.h */
| #define PACKAGE_NAME "Google C++ Mocking Framework"
| #define PACKAGE_TARNAME "gmock"
| #define PACKAGE_VERSION "1.7.0"
| #define PACKAGE_STRING "Google C++ Mocking Framework 1.7.0"
| #define PACKAGE_BUGREPORT "googlemock@googlegroups.com"
| #define PACKAGE_URL ""
| #define PACKAGE "gmock"
| #define VERSION "1.7.0"
| #define STDC_HEADERS 1
| #define HAVE_SYS_TYPES_H 1
| #define HAVE_SYS_STAT_H 1
| #define HAVE_STDLIB_H 1
| #define HAVE_STRING_H 1
| #define HAVE_MEMORY_H 1
| #define HAVE_STRINGS_H 1
| #define HAVE_INTTYPES_H 1
| #define HAVE_STDINT_H 1
| #define HAVE_UNISTD_H 1
| #define HAVE_DLFCN_H 1
| #define LT_OBJDIR ".libs/"
| /* end confdefs.h.  */
| 
| int
| main ()
| {
| 
|   ;
|   return 0;
| }
configure:15594: result: no
configure:15820: checking for gtest-config
configure:15853: result: no
configure:16007: checking that generated files are newer than configure
configure:16013: result: done
configure:16048: creating ./config.status

## ---------------------- ##
## Running config.status. ##
## ---------------------- ##

This file was extended by Google C++ Mocking Framework config.status 1.7.0, which was
generated by GNU Autoconf 2.69.  Invocation command line was

  CONFIG_FILES    = 
  CONFIG_HEADERS  = 
  CONFIG_LINKS    = 
  CONFIG_COMMANDS = 
  $ ./config.status 

on 192.168.0.107

config.status:1158: creating Makefile
config.status:1158: creating scripts/gmock-config
config.status:1158: creating build-aux/config.h
config.status:1339: build-aux/config.h is unchanged
config.status:1387: executing depfiles commands
config.status:1387: executing libtool commands
configure:18605: === configuring in gtest (/Users/Jump/Project/protobuf-V3.0/gmock/gtest)
configure:18668: running /bin/sh ./configure --disable-option-checking '--prefix=/usr/local'  'CFLAGS=' 'CXXFLAGS= -g -DNDEBUG' --cache-file=/dev/null --srcdir=.

## ---------------- ##
## Cache variables. ##
## ---------------- ##

ac_cv_build=x86_64-apple-darwin14.5.0
ac_cv_c_compiler_gnu=yes
ac_cv_cxx_compiler_gnu=yes
ac_cv_env_CCC_set=
ac_cv_env_CCC_value=
ac_cv_env_CC_set=
ac_cv_env_CC_value=
ac_cv_env_CFLAGS_set=set
ac_cv_env_CFLAGS_value=
ac_cv_env_CPPFLAGS_set=
ac_cv_env_CPPFLAGS_value=
ac_cv_env_CPP_set=
ac_cv_env_CPP_value=
ac_cv_env_CXXCPP_set=
ac_cv_env_CXXCPP_value=
ac_cv_env_CXXFLAGS_set=set
ac_cv_env_CXXFLAGS_value=' -g -DNDEBUG'
ac_cv_env_CXX_set=
ac_cv_env_CXX_value=
ac_cv_env_GTEST_CONFIG_set=
ac_cv_env_GTEST_CONFIG_value=
ac_cv_env_GTEST_CPPFLAGS_set=
ac_cv_env_GTEST_CPPFLAGS_value=
ac_cv_env_GTEST_CXXFLAGS_set=
ac_cv_env_GTEST_CXXFLAGS_value=
ac_cv_env_GTEST_LDFLAGS_set=
ac_cv_env_GTEST_LDFLAGS_value=
ac_cv_env_GTEST_LIBS_set=
ac_cv_env_GTEST_LIBS_value=
ac_cv_env_GTEST_VERSION_set=
ac_cv_env_GTEST_VERSION_value=
ac_cv_env_LDFLAGS_set=
ac_cv_env_LDFLAGS_value=
ac_cv_env_LIBS_set=
ac_cv_env_LIBS_value=
ac_cv_env_build_alias_set=
ac_cv_env_build_alias_value=
ac_cv_env_host_alias_set=
ac_cv_env_host_alias_value=
ac_cv_env_target_alias_set=
ac_cv_env_target_alias_value=
ac_cv_header_dlfcn_h=yes
ac_cv_header_inttypes_h=yes
ac_cv_header_memory_h=yes
ac_cv_header_stdc=yes
ac_cv_header_stdint_h=yes
ac_cv_header_stdlib_h=yes
ac_cv_header_string_h=yes
ac_cv_header_strings_h=yes
ac_cv_header_sys_stat_h=yes
ac_cv_header_sys_types_h=yes
ac_cv_header_unistd_h=yes
ac_cv_host=x86_64-apple-darwin14.5.0
ac_cv_objext=o
ac_cv_path_EGREP='/usr/bin/grep -E'
ac_cv_path_FGREP='/usr/bin/grep -F'
ac_cv_path_GREP=/usr/bin/grep
ac_cv_path_PYTHON=/usr/bin/python
ac_cv_path_SED=/usr/bin/sed
ac_cv_path_install='/usr/bin/install -c'
ac_cv_prog_AWK=awk
ac_cv_prog_CPP='gcc -E'
ac_cv_prog_CXXCPP='g++ -E'
ac_cv_prog_ac_ct_AR=ar
ac_cv_prog_ac_ct_CC=gcc
ac_cv_prog_ac_ct_CXX=g++
ac_cv_prog_ac_ct_DSYMUTIL=dsymutil
ac_cv_prog_ac_ct_LIPO=lipo
ac_cv_prog_ac_ct_NMEDIT=nmedit
ac_cv_prog_ac_ct_OTOOL=otool
ac_cv_prog_ac_ct_RANLIB=ranlib
ac_cv_prog_ac_ct_STRIP=strip
ac_cv_prog_cc_c89=
ac_cv_prog_cc_g=yes
ac_cv_prog_cxx_g=yes
ac_cv_prog_make_make_set=yes
am_cv_CC_dependencies_compiler_type=gcc3
am_cv_CXX_dependencies_compiler_type=gcc3
am_cv_make_support_nested_variables=yes
am_cv_prog_cc_c_o=yes
lt_cv_apple_cc_single_mod=yes
lt_cv_ar_at_file=no
lt_cv_deplibs_check_method=pass_all
lt_cv_file_magic_cmd='$MAGIC_CMD'
lt_cv_file_magic_test_file=
lt_cv_ld_exported_symbols_list=yes
lt_cv_ld_force_load=yes
lt_cv_ld_reload_flag=-r
lt_cv_nm_interface='BSD nm'
lt_cv_objdir=.libs
lt_cv_path_LD=/Applications/Xcode.app/Contents/Developer/Toolchains/XcodeDefault.xctoolchain/usr/bin/ld
lt_cv_path_LDCXX=/Applications/Xcode.app/Contents/Developer/Toolchains/XcodeDefault.xctoolchain/usr/bin/ld
lt_cv_path_NM=/usr/bin/nm
lt_cv_path_mainfest_tool=no
lt_cv_prog_compiler_c_o=yes
lt_cv_prog_compiler_c_o_CXX=yes
lt_cv_prog_compiler_pic='-fno-common -DPIC'
lt_cv_prog_compiler_pic_CXX='-fno-common -DPIC'
lt_cv_prog_compiler_pic_works=yes
lt_cv_prog_compiler_pic_works_CXX=yes
lt_cv_prog_compiler_rtti_exceptions=yes
lt_cv_prog_compiler_static_works=no
lt_cv_prog_compiler_static_works_CXX=no
lt_cv_prog_gnu_ld=no
lt_cv_prog_gnu_ldcxx=no
lt_cv_sharedlib_from_linklib_cmd='printf %s\n'
lt_cv_sys_global_symbol_pipe='sed -n -e '\''s/^.*[	 ]\([BCDEGRST][BCDEGRST]*\)[	 ][	 ]*_\([_A-Za-z][_A-Za-z0-9]*\)$/\1 _\2 \2/p'\'' | sed '\''/ __gnu_lto/d'\'''
lt_cv_sys_global_symbol_to_c_name_address='sed -n -e '\''s/^: \([^ ]*\)[ ]*$/  {\"\1\", (void *) 0},/p'\'' -e '\''s/^[BCDEGRST]* \([^ ]*\) \([^ ]*\)$/  {"\2", (void *) \&\2},/p'\'''
lt_cv_sys_global_symbol_to_c_name_address_lib_prefix='sed -n -e '\''s/^: \([^ ]*\)[ ]*$/  {\"\1\", (void *) 0},/p'\'' -e '\''s/^[BCDEGRST]* \([^ ]*\) \(lib[^ ]*\)$/  {"\2", (void *) \&\2},/p'\'' -e '\''s/^[BCDEGRST]* \([^ ]*\) \([^ ]*\)$/  {"lib\2", (void *) \&\2},/p'\'''
lt_cv_sys_global_symbol_to_cdecl='sed -n -e '\''s/^T .* \(.*\)$/extern int \1();/p'\'' -e '\''s/^[BCDEGRST]* .* \(.*\)$/extern char \1;/p'\'''
lt_cv_sys_max_cmd_len=196608
lt_cv_to_host_file_cmd=func_convert_file_noop
lt_cv_to_tool_file_cmd=func_convert_file_noop

## ----------------- ##
## Output variables. ##
## ----------------- ##

ACLOCAL='${SHELL} /Users/Jump/Project/protobuf-V3.0/gmock/build-aux/missing aclocal-1.14'
AMDEPBACKSLASH='\'
AMDEP_FALSE='#'
AMDEP_TRUE=''
AMTAR='$${TAR-tar}'
AM_BACKSLASH='\'
AM_DEFAULT_V='$(AM_DEFAULT_VERBOSITY)'
AM_DEFAULT_VERBOSITY='1'
AM_V='$(V)'
AR='ar'
AUTOCONF='${SHELL} /Users/Jump/Project/protobuf-V3.0/gmock/build-aux/missing autoconf'
AUTOHEADER='${SHELL} /Users/Jump/Project/protobuf-V3.0/gmock/build-aux/missing autoheader'
AUTOMAKE='${SHELL} /Users/Jump/Project/protobuf-V3.0/gmock/build-aux/missing automake-1.14'
AWK='awk'
CC='gcc'
CCDEPMODE='depmode=gcc3'
CFLAGS=''
CPP='gcc -E'
CPPFLAGS=''
CXX='g++'
CXXCPP='g++ -E'
CXXDEPMODE='depmode=gcc3'
CXXFLAGS=' -g -DNDEBUG'
CYGPATH_W='echo'
DEFS='-DHAVE_CONFIG_H'
DEPDIR='.deps'
DLLTOOL='false'
DSYMUTIL='dsymutil'
DUMPBIN=''
ECHO_C='\c'
ECHO_N=''
ECHO_T=''
EGREP='/usr/bin/grep -E'
EXEEXT=''
FGREP='/usr/bin/grep -F'
GREP='/usr/bin/grep'
GTEST_CONFIG='/Users/Jump/Project/protobuf-V3.0/gmock/gtest/scripts/gtest-config'
GTEST_CPPFLAGS='-I$(top_srcdir)/gtest/include'
GTEST_CXXFLAGS='-g'
GTEST_LDFLAGS=''
GTEST_LIBS='$(top_builddir)/gtest/lib/libgtest.la'
GTEST_VERSION='1.7.0'
HAVE_PTHREADS_FALSE='#'
HAVE_PTHREADS_TRUE=''
HAVE_PYTHON_FALSE='#'
HAVE_PYTHON_TRUE=''
INSTALL_DATA='${INSTALL} -m 644'
INSTALL_PROGRAM='${INSTALL}'
INSTALL_SCRIPT='${INSTALL}'
INSTALL_STRIP_PROGRAM='$(install_sh) -c -s'
LD='/Applications/Xcode.app/Contents/Developer/Toolchains/XcodeDefault.xctoolchain/usr/bin/ld'
LDFLAGS=''
LIBOBJS=''
LIBS=''
LIBTOOL='$(SHELL) $(top_builddir)/libtool'
LIPO='lipo'
LN_S='ln -s'
LTLIBOBJS=''
MAKEINFO='${SHELL} /Users/Jump/Project/protobuf-V3.0/gmock/build-aux/missing makeinfo'
MANIFEST_TOOL=':'
MKDIR_P='build-aux/install-sh -c -d'
NM='/usr/bin/nm'
NMEDIT='nmedit'
OBJDUMP='false'
OBJEXT='o'
OTOOL64=':'
OTOOL='otool'
PACKAGE='gmock'
PACKAGE_BUGREPORT='googlemock@googlegroups.com'
PACKAGE_NAME='Google C++ Mocking Framework'
PACKAGE_STRING='Google C++ Mocking Framework 1.7.0'
PACKAGE_TARNAME='gmock'
PACKAGE_URL=''
PACKAGE_VERSION='1.7.0'
PATH_SEPARATOR=':'
PTHREAD_CC='gcc'
PTHREAD_CFLAGS='-D_THREAD_SAFE '
PTHREAD_LIBS=''
PYTHON='/usr/bin/python'
RANLIB='ranlib'
SED='/usr/bin/sed'
SET_MAKE=''
SHELL='/bin/sh'
STRIP='strip'
VERSION='1.7.0'
ac_ct_AR='ar'
ac_ct_CC='gcc'
ac_ct_CXX='g++'
ac_ct_DUMPBIN=''
acx_pthread_config=''
am__EXEEXT_FALSE=''
am__EXEEXT_TRUE='#'
am__fastdepCC_FALSE='#'
am__fastdepCC_TRUE=''
am__fastdepCXX_FALSE='#'
am__fastdepCXX_TRUE=''
am__include='include'
am__isrc=''
am__leading_dot='.'
am__nodep='_no'
am__quote=''
am__tar='$${TAR-tar} chof - "$$tardir"'
am__untar='$${TAR-tar} xf -'
bindir='${exec_prefix}/bin'
build='x86_64-apple-darwin14.5.0'
build_alias=''
build_cpu='x86_64'
build_os='darwin14.5.0'
build_vendor='apple'
datadir='${datarootdir}'
datarootdir='${prefix}/share'
docdir='${datarootdir}/doc/${PACKAGE_TARNAME}'
dvidir='${docdir}'
exec_prefix='${prefix}'
host='x86_64-apple-darwin14.5.0'
host_alias=''
host_cpu='x86_64'
host_os='darwin14.5.0'
host_vendor='apple'
htmldir='${docdir}'
includedir='${prefix}/include'
infodir='${datarootdir}/info'
install_sh='${SHELL} /Users/Jump/Project/protobuf-V3.0/gmock/build-aux/install-sh'
libdir='${exec_prefix}/lib'
libexecdir='${exec_prefix}/libexec'
localedir='${datarootdir}/locale'
localstatedir='${prefix}/var'
mandir='${datarootdir}/man'
mkdir_p='$(MKDIR_P)'
oldincludedir='/usr/include'
pdfdir='${docdir}'
prefix='/usr/local'
program_transform_name='s,x,x,'
psdir='${docdir}'
sbindir='${exec_prefix}/sbin'
sharedstatedir='${prefix}/com'
subdirs=' gtest'
sysconfdir='${prefix}/etc'
target_alias=''

## ----------- ##
## confdefs.h. ##
## ----------- ##

/* confdefs.h */
#define PACKAGE_NAME "Google C++ Mocking Framework"
#define PACKAGE_TARNAME "gmock"
#define PACKAGE_VERSION "1.7.0"
#define PACKAGE_STRING "Google C++ Mocking Framework 1.7.0"
#define PACKAGE_BUGREPORT "googlemock@googlegroups.com"
#define PACKAGE_URL ""
#define PACKAGE "gmock"
#define VERSION "1.7.0"
#define STDC_HEADERS 1
#define HAVE_SYS_TYPES_H 1
#define HAVE_SYS_STAT_H 1
#define HAVE_STDLIB_H 1
#define HAVE_STRING_H 1
#define HAVE_MEMORY_H 1
#define HAVE_STRINGS_H 1
#define HAVE_INTTYPES_H 1
#define HAVE_STDINT_H 1
#define HAVE_UNISTD_H 1
#define HAVE_DLFCN_H 1
#define LT_OBJDIR ".libs/"
#define HAVE_PTHREAD 1

configure: exit 0
