2017-08-03 01:08:27,267|INFO|116|_initlog|



2017-08-03 01:08:27,267|INFO|117|_initlog|logger is inited!
2017-08-03 01:08:27,296|INFO|218|Interpreter|begin Interpreter sheet(帐号) proto:(AccountInfo), row_count = 7, col_count = 3
2017-08-03 01:08:27,338|INFO|248|_FieldDefine|row=0, col=0, repeated_num=0
2017-08-03 01:08:27,338|INFO|248|_FieldDefine|row=0, col=1, repeated_num=0
2017-08-03 01:08:27,338|INFO|248|_FieldDefine|row=0, col=2, repeated_num=0
2017-08-03 01:08:27,338|INFO|256|_FieldDefine|optional|bytes|name|姓名
2017-08-03 01:08:28,365|INFO|529|Parse|begin parse,sheet(帐号) proto(AccountInfo) row_count = 7, col_count = 3
2017-08-03 01:08:28,365|WARNING|545|Parse|4 is None
2017-08-03 01:08:28,365|WARNING|545|Parse|5 is None
2017-08-03 01:08:28,368|WARNING|545|Parse|6 is None
2017-08-03 01:08:28,368|INFO|550|Parse|parse result:

2017-08-03 01:14:32,697|INFO|116|_initlog|



2017-08-03 01:14:32,697|INFO|117|_initlog|logger is inited!
2017-08-03 01:14:32,719|INFO|218|Interpreter|begin Interpreter sheet(帐号) proto:(AccountInfo), row_count = 7, col_count = 3
2017-08-03 01:14:32,743|INFO|248|_FieldDefine|row=0, col=0, repeated_num=0
2017-08-03 01:14:32,743|INFO|248|_FieldDefine|row=0, col=1, repeated_num=0
2017-08-03 01:14:32,743|INFO|248|_FieldDefine|row=0, col=2, repeated_num=0
2017-08-03 01:14:32,743|INFO|256|_FieldDefine|optional|bytes|name|姓名
2017-08-03 01:14:33,102|INFO|529|Parse|begin parse,sheet(帐号) proto(AccountInfo) row_count = 7, col_count = 3
2017-08-03 01:14:33,107|WARNING|545|Parse|4 is None
2017-08-03 01:14:33,107|WARNING|545|Parse|5 is None
2017-08-03 01:14:33,107|WARNING|545|Parse|6 is None
2017-08-03 01:14:33,107|INFO|550|Parse|parse result:

2017-08-03 01:16:49,112|INFO|116|_initlog|



2017-08-03 01:16:49,114|INFO|117|_initlog|logger is inited!
2017-08-03 01:16:49,122|INFO|218|Interpreter|begin Interpreter sheet(帐号) proto:(AccountInfo), row_count = 7, col_count = 3
2017-08-03 01:16:49,124|INFO|248|_FieldDefine|row=0, col=0, repeated_num=0
2017-08-03 01:16:49,124|INFO|248|_FieldDefine|row=0, col=1, repeated_num=0
2017-08-03 01:16:49,124|INFO|248|_FieldDefine|row=0, col=2, repeated_num=0
2017-08-03 01:16:49,124|INFO|256|_FieldDefine|optional|bytes|name|姓名
2017-08-03 01:16:49,309|INFO|529|Parse|begin parse,sheet(帐号) proto(AccountInfo) row_count = 7, col_count = 3
2017-08-03 01:16:49,309|WARNING|545|Parse|4 is None
2017-08-03 01:16:49,311|WARNING|545|Parse|5 is None
2017-08-03 01:16:49,311|WARNING|545|Parse|6 is None
2017-08-03 01:16:49,311|INFO|550|Parse|parse result:

2017-08-03 01:17:10,125|INFO|116|_initlog|



2017-08-03 01:17:10,125|INFO|117|_initlog|logger is inited!
2017-08-03 01:17:10,134|INFO|218|Interpreter|begin Interpreter sheet(帐号) proto:(AccountInfo), row_count = 7, col_count = 3
2017-08-03 01:17:10,137|INFO|248|_FieldDefine|row=0, col=0, repeated_num=0
2017-08-03 01:17:10,137|INFO|248|_FieldDefine|row=0, col=1, repeated_num=0
2017-08-03 01:17:10,137|INFO|248|_FieldDefine|row=0, col=2, repeated_num=0
2017-08-03 01:17:10,137|INFO|256|_FieldDefine|optional|bytes|name|姓名
2017-08-03 01:17:10,326|INFO|529|Parse|begin parse,sheet(帐号) proto(AccountInfo) row_count = 7, col_count = 3
2017-08-03 01:17:10,332|WARNING|545|Parse|4 is None
2017-08-03 01:17:10,332|WARNING|545|Parse|5 is None
2017-08-03 01:17:10,332|WARNING|545|Parse|6 is None
2017-08-03 01:17:10,335|INFO|550|Parse|parse result:

2017-08-03 01:17:24,275|INFO|116|_initlog|



2017-08-03 01:17:24,275|INFO|117|_initlog|logger is inited!
2017-08-03 01:17:24,282|INFO|218|Interpreter|begin Interpreter sheet(帐号) proto:(AccountInfo), row_count = 7, col_count = 3
2017-08-03 01:17:24,282|INFO|248|_FieldDefine|row=0, col=0, repeated_num=0
2017-08-03 01:17:24,282|INFO|248|_FieldDefine|row=0, col=1, repeated_num=0
2017-08-03 01:17:24,282|INFO|248|_FieldDefine|row=0, col=2, repeated_num=0
2017-08-03 01:17:24,282|INFO|256|_FieldDefine|optional|bytes|name|姓名
2017-08-03 01:17:24,477|INFO|529|Parse|begin parse,sheet(帐号) proto(AccountInfo) row_count = 7, col_count = 3
2017-08-03 01:17:24,479|INFO|562|_ParseLine|4
2017-08-03 01:17:24,479|INFO|578|_ParseField|4|2
2017-08-03 01:17:24,479|INFO|579|_ParseField|optional|bytes|name
2017-08-03 01:17:24,479|INFO|704|_GetFieldValue|4|2|李山
2017-08-03 01:17:24,480|INFO|562|_ParseLine|5
2017-08-03 01:17:24,480|INFO|578|_ParseField|5|2
2017-08-03 01:17:24,480|INFO|579|_ParseField|optional|bytes|name
2017-08-03 01:17:24,480|INFO|704|_GetFieldValue|5|2|张力
2017-08-03 01:17:24,480|INFO|562|_ParseLine|6
2017-08-03 01:17:24,480|INFO|578|_ParseField|6|2
2017-08-03 01:17:24,480|INFO|579|_ParseField|optional|bytes|name
2017-08-03 01:17:24,480|INFO|704|_GetFieldValue|6|2|翁娜
2017-08-03 01:17:24,480|INFO|550|Parse|parse result:
items {
  name: "\346\235\216\345\261\261"
}
items {
  name: "\345\274\240\345\212\233"
}
items {
  name: "\347\277\201\345\250\234"
}

2017-08-03 01:18:48,924|INFO|116|_initlog|



2017-08-03 01:18:48,926|INFO|117|_initlog|logger is inited!
2017-08-03 01:18:48,940|INFO|218|Interpreter|begin Interpreter sheet(帐号) proto:(AccountInfo), row_count = 7, col_count = 3
2017-08-03 01:18:48,950|INFO|248|_FieldDefine|row=0, col=0, repeated_num=0
2017-08-03 01:18:48,950|INFO|248|_FieldDefine|row=0, col=1, repeated_num=0
2017-08-03 01:18:48,950|INFO|248|_FieldDefine|row=0, col=2, repeated_num=0
2017-08-03 01:18:48,950|INFO|256|_FieldDefine|optional|bytes|name|姓名
2017-08-03 01:18:49,839|INFO|529|Parse|begin parse,sheet(帐号) proto(AccountInfo) row_count = 7, col_count = 3
2017-08-03 01:18:49,842|INFO|564|_ParseLine|4
2017-08-03 01:18:49,842|INFO|580|_ParseField|4|2
2017-08-03 01:18:49,842|INFO|581|_ParseField|optional|bytes|name
2017-08-03 01:18:49,842|INFO|706|_GetFieldValue|4|2|李山
2017-08-03 01:18:49,842|INFO|564|_ParseLine|5
2017-08-03 01:18:49,842|INFO|580|_ParseField|5|2
2017-08-03 01:18:49,842|INFO|581|_ParseField|optional|bytes|name
2017-08-03 01:18:49,842|INFO|706|_GetFieldValue|5|2|张力
2017-08-03 01:18:49,842|INFO|564|_ParseLine|6
2017-08-03 01:18:49,842|INFO|580|_ParseField|6|2
2017-08-03 01:18:49,842|INFO|581|_ParseField|optional|bytes|name
2017-08-03 01:18:49,842|INFO|706|_GetFieldValue|6|2|翁娜
2017-08-03 01:18:49,844|INFO|552|Parse|parse result:
items {
  name: "\346\235\216\345\261\261"
}
items {
  name: "\345\274\240\345\212\233"
}
items {
  name: "\347\277\201\345\250\234"
}

2017-08-03 01:19:49,871|INFO|116|_initlog|



2017-08-03 01:19:49,872|INFO|117|_initlog|logger is inited!
2017-08-03 01:19:49,888|INFO|218|Interpreter|begin Interpreter sheet(帐号) proto:(AccountInfo), row_count = 7, col_count = 3
2017-08-03 01:19:49,904|INFO|248|_FieldDefine|row=0, col=0, repeated_num=0
2017-08-03 01:19:49,904|INFO|248|_FieldDefine|row=0, col=1, repeated_num=0
2017-08-03 01:19:49,904|INFO|248|_FieldDefine|row=0, col=2, repeated_num=0
2017-08-03 01:19:49,904|INFO|256|_FieldDefine|optional|bytes|name|姓名
2017-08-03 01:19:50,977|INFO|529|Parse|begin parse,sheet(帐号) proto(AccountInfo) row_count = 7, col_count = 3
2017-08-03 01:19:50,979|INFO|564|_ParseLine|4
2017-08-03 01:19:50,979|INFO|580|_ParseField|4|2
2017-08-03 01:19:50,979|INFO|581|_ParseField|optional|bytes|name
2017-08-03 01:19:50,979|INFO|706|_GetFieldValue|4|2|李山
2017-08-03 01:19:50,979|INFO|564|_ParseLine|5
2017-08-03 01:19:50,980|INFO|580|_ParseField|5|2
2017-08-03 01:19:50,980|INFO|581|_ParseField|optional|bytes|name
2017-08-03 01:19:50,980|INFO|706|_GetFieldValue|5|2|张力
2017-08-03 01:19:50,980|INFO|564|_ParseLine|6
2017-08-03 01:19:50,980|INFO|580|_ParseField|6|2
2017-08-03 01:19:50,980|INFO|581|_ParseField|optional|bytes|name
2017-08-03 01:19:50,980|INFO|706|_GetFieldValue|6|2|翁娜
2017-08-03 01:19:50,980|INFO|552|Parse|parse result:
items {
  name: "\346\235\216\345\261\261"
}
items {
  name: "\345\274\240\345\212\233"
}
items {
  name: "\347\277\201\345\250\234"
}

2017-08-03 01:25:17,177|INFO|116|_initlog|



2017-08-03 01:25:17,177|INFO|117|_initlog|logger is inited!
2017-08-03 01:25:17,196|INFO|218|Interpreter|begin Interpreter sheet(帐号) proto:(AccountInfo), row_count = 7, col_count = 3
2017-08-03 01:25:17,211|INFO|248|_FieldDefine|row=0, col=0, repeated_num=0
2017-08-03 01:25:17,211|INFO|248|_FieldDefine|row=0, col=1, repeated_num=0
2017-08-03 01:25:17,211|INFO|248|_FieldDefine|row=0, col=2, repeated_num=0
2017-08-03 01:25:17,211|INFO|256|_FieldDefine|optional|bytes|name|姓名
2017-08-03 01:25:17,869|INFO|529|Parse|begin parse,sheet(帐号) proto(AccountInfo) row_count = 7, col_count = 3
2017-08-03 01:25:17,869|INFO|564|_ParseLine|4
2017-08-03 01:25:17,869|INFO|580|_ParseField|4|2
2017-08-03 01:25:17,869|INFO|581|_ParseField|optional|bytes|name
2017-08-03 01:25:17,869|INFO|706|_GetFieldValue|4|2|李山
2017-08-03 01:25:17,869|INFO|564|_ParseLine|5
2017-08-03 01:25:17,869|INFO|580|_ParseField|5|2
2017-08-03 01:25:17,869|INFO|581|_ParseField|optional|bytes|name
2017-08-03 01:25:17,869|INFO|706|_GetFieldValue|5|2|张力
2017-08-03 01:25:17,869|INFO|564|_ParseLine|6
2017-08-03 01:25:17,871|INFO|580|_ParseField|6|2
2017-08-03 01:25:17,871|INFO|581|_ParseField|optional|bytes|name
2017-08-03 01:25:17,871|INFO|706|_GetFieldValue|6|2|翁娜
2017-08-03 01:25:17,871|INFO|552|Parse|parse result:
items {
  name: "\346\235\216\345\261\261"
}
items {
  name: "\345\274\240\345\212\233"
}
items {
  name: "\347\277\201\345\250\234"
}

